<?xml version="1.0" encoding="UTF-8"?>
<testng-results ignored="0" total="2" passed="2" failed="0" skipped="0">
  <reporter-output>
  </reporter-output>
  <suite started-at="2022-10-20T15:47:02 IST" name="Default suite" finished-at="2022-10-20T15:47:09 IST" duration-ms="7111">
    <groups>
    </groups>
    <test started-at="2022-10-20T15:47:02 IST" name="Default test" finished-at="2022-10-20T15:47:09 IST" duration-ms="7111">
      <class name="NewTest">
        <test-method is-config="true" signature="beforeMethod()[pri:0, instance:NewTest@33990a0c]" started-at="2022-10-20T15:47:02 IST" name="beforeMethod" finished-at="2022-10-20T15:47:04 IST" duration-ms="2518" status="PASS">
          <reporter-output>
          </reporter-output>
        </test-method> <!-- beforeMethod -->
        <test-method signature="calculate()[pri:0, instance:NewTest@33990a0c]" started-at="2022-10-20T15:47:04 IST" name="calculate" finished-at="2022-10-20T15:47:06 IST" duration-ms="1420" status="PASS">
          <reporter-output>
          </reporter-output>
        </test-method> <!-- calculate -->
        <test-method is-config="true" signature="afterMethod()[pri:0, instance:NewTest@33990a0c]" started-at="2022-10-20T15:47:06 IST" name="afterMethod" finished-at="2022-10-20T15:47:06 IST" duration-ms="197" status="PASS">
          <reporter-output>
          </reporter-output>
        </test-method> <!-- afterMethod -->
        <test-method is-config="true" signature="beforeMethod()[pri:0, instance:NewTest@33990a0c]" started-at="2022-10-20T15:47:06 IST" name="beforeMethod" finished-at="2022-10-20T15:47:07 IST" duration-ms="982" status="PASS">
          <reporter-output>
          </reporter-output>
        </test-method> <!-- beforeMethod -->
        <test-method signature="openJenkins()[pri:0, instance:NewTest@33990a0c]" started-at="2022-10-20T15:47:07 IST" name="openJenkins" finished-at="2022-10-20T15:47:08 IST" duration-ms="1711" status="PASS">
          <reporter-output>
          </reporter-output>
        </test-method> <!-- openJenkins -->
        <test-method is-config="true" signature="afterMethod()[pri:0, instance:NewTest@33990a0c]" started-at="2022-10-20T15:47:08 IST" name="afterMethod" finished-at="2022-10-20T15:47:09 IST" duration-ms="238" status="PASS">
          <reporter-output>
          </reporter-output>
        </test-method> <!-- afterMethod -->
      </class> <!-- NewTest -->
    </test> <!-- Default test -->
  </suite> <!-- Default suite -->
</testng-results>
